Build started 11/23/2013 10:43:04 AM.
     1>Project "C:\Users\chris_000\Documents\Visual Studio 2012\Projects\Project2\Project2\Project2.vcxproj" on node 2 (Build target(s)).
     1>ClCompile:
         C:\Program Files (x86)\Microsoft Visual Studio 11.0\VC\bin\CL.exe /c /ZI /nologo /W3 /WX- /sdl /Od /Oy- /D _MBCS /Gm /EHsc /RTC1 /MDd /GS /fp:precise /Zc:wchar_t /Zc:forScope /Fo"Debug\\" /Fd"Debug\vc110.pdb" /Gd /TP /analyze- /errorReport:prompt aCoin.cpp aDie.cpp aHistogram.cpp aRandomNumberGenerator.cpp main.cpp
         main.cpp
         aRandomNumberGenerator.cpp
         aHistogram.cpp
         aDie.cpp
         aCoin.cpp
         Generating Code...
       Link:
         C:\Program Files (x86)\Microsoft Visual Studio 11.0\VC\bin\link.exe /ERRORREPORT:PROMPT /OUT:"C:\Users\chris_000\Documents\Visual Studio 2012\Projects\Project2\Debug\Project2.exe" /INCREMENTAL /NOLOGO kernel32.lib user32.lib gdi32.lib winspool.lib comdlg32.lib advapi32.lib shell32.lib ole32.lib oleaut32.lib uuid.lib odbc32.lib odbccp32.lib /MANIFEST /MANIFESTUAC:"level='asInvoker' uiAccess='false'" /manifest:embed /DEBUG /PDB:"C:\Users\chris_000\Documents\Visual Studio 2012\Projects\Project2\Debug\Project2.pdb" /TLBID:1 /DYNAMICBASE /NXCOMPAT /IMPLIB:"C:\Users\chris_000\Documents\Visual Studio 2012\Projects\Project2\Debug\Project2.lib" /MACHINE:X86 Debug\aCoin.obj
         Debug\aDie.obj
         Debug\aHistogram.obj
         Debug\aRandomNumberGenerator.obj
         Debug\main.obj
         Project2.vcxproj -> C:\Users\chris_000\Documents\Visual Studio 2012\Projects\Project2\Debug\Project2.exe
     1>Done Building Project "C:\Users\chris_000\Documents\Visual Studio 2012\Projects\Project2\Project2\Project2.vcxproj" (Build target(s)).

Build succeeded.

Time Elapsed 00:00:05.02
